Request method:	POST
Request URI:	https://simple-grocery-store-api.glitch.me/carts/Y3OIBjFQ9G3WuAMNOdfWm/items
Proxy:			<none>
Request params:	<none>
Query params:	<none>
Form params:	<none>
Path params:	cartId=Y3OIBjFQ9G3WuAMNOdfWm
Headers:		Accept=*/*
				Content-Type=application/json
Cookies:		<none>
Multiparts:		<none>
Body:
{
    "productId": "1709",
    "quantity": 3
}
HTTP/1.1 400 Bad Request
Date: Thu, 04 Jan 2024 12:07:34 GMT
Content-Type: application/json; charset=utf-8
Content-Length: 56
Connection: keep-alive
x-powered-by: Express
etag: W/"38-doJkVicOSjcQ/BgI6ZqGcJtsAl4"

{
    "error": "This product has already been added to cart."
}
