Request method:	POST
Request URI:	https://simple-grocery-store-api.glitch.me/carts/Y3OIBjFQ9G3WuAMNOdfWm/items
Proxy:			<none>
Request params:	<none>
Query params:	<none>
Form params:	<none>
Path params:	cartId=Y3OIBjFQ9G3WuAMNOdfWm
Headers:		Accept=*/*
				Content-Type=application/json
Cookies:		<none>
Multiparts:		<none>
Body:
{
    "productId": 1709,
    "quantity": 3
}
HTTP/1.1 400 Bad Request
Date: Fri, 05 Jan 2024 07:25:33 GMT
Content-Type: application/json; charset=utf-8
Content-Length: 56
Connection: keep-alive
x-powered-by: Express
etag: W/"38-doJkVicOSjcQ/BgI6ZqGcJtsAl4"

{
    "error": "This product has already been added to cart."
}
Request method:	POST
Request URI:	https://simple-grocery-store-api.glitch.me/carts/Y3OIBjFQ9G3WuAMNOdfWm/items
Proxy:			<none>
Request params:	<none>
Query params:	<none>
Form params:	<none>
Path params:	cartId=Y3OIBjFQ9G3WuAMNOdfWm
Headers:		Accept=*/*
				Content-Type=application/json
Cookies:		<none>
Multiparts:		<none>
Body:
{
    "productId": 1709,
    "quantity": 3
}
HTTP/1.1 400 Bad Request
Date: Fri, 05 Jan 2024 07:28:45 GMT
Content-Type: application/json; charset=utf-8
Content-Length: 56
Connection: keep-alive
x-powered-by: Express
etag: W/"38-doJkVicOSjcQ/BgI6ZqGcJtsAl4"

{
    "error": "This product has already been added to cart."
}
Request method:	POST
Request URI:	https://simple-grocery-store-api.glitch.me/carts/Y3OIBjFQ9G3WuAMNOdfWm/items
Proxy:			<none>
Request params:	<none>
Query params:	<none>
Form params:	<none>
Path params:	cartId=Y3OIBjFQ9G3WuAMNOdfWm
Headers:		Accept=*/*
				Content-Type=application/json
Cookies:		<none>
Multiparts:		<none>
Body:
{
    "productId": 1709,
    "quantity": 3
}
HTTP/1.1 400 Bad Request
Date: Fri, 05 Jan 2024 07:40:57 GMT
Content-Type: application/json; charset=utf-8
Content-Length: 56
Connection: keep-alive
x-powered-by: Express
etag: W/"38-doJkVicOSjcQ/BgI6ZqGcJtsAl4"

{
    "error": "This product has already been added to cart."
}
Request method:	POST
Request URI:	https://simple-grocery-store-api.glitch.me/carts/Y3OIBjFQ9G3WuAMNOdfWm/items
Proxy:			<none>
Request params:	<none>
Query params:	<none>
Form params:	<none>
Path params:	cartId=Y3OIBjFQ9G3WuAMNOdfWm
Headers:		Accept=*/*
				Content-Type=application/json
Cookies:		<none>
Multiparts:		<none>
Body:
{
    "productId": 1709,
    "quantity": 3
}
HTTP/1.1 400 Bad Request
Date: Fri, 05 Jan 2024 07:41:32 GMT
Content-Type: application/json; charset=utf-8
Content-Length: 56
Connection: keep-alive
x-powered-by: Express
etag: W/"38-doJkVicOSjcQ/BgI6ZqGcJtsAl4"

{
    "error": "This product has already been added to cart."
}
Request method:	POST
Request URI:	https://simple-grocery-store-api.glitch.me/carts/Y3OIBjFQ9G3WuAMNOdfWm/items
Proxy:			<none>
Request params:	<none>
Query params:	<none>
Form params:	<none>
Path params:	cartId=Y3OIBjFQ9G3WuAMNOdfWm
Headers:		Accept=*/*
				Content-Type=application/json
Cookies:		<none>
Multiparts:		<none>
Body:
{
    "productId": 5774,
    "quantity": 3
}
HTTP/1.1 400 Bad Request
Date: Fri, 05 Jan 2024 07:44:11 GMT
Content-Type: application/json; charset=utf-8
Content-Length: 61
Connection: keep-alive
x-powered-by: Express
etag: W/"3d-zyUFeAatWu82IKSLM2lk1DcrkW8"

{
    "error": "The quantity requested exceeds the current stock."
}
Request method:	POST
Request URI:	https://simple-grocery-store-api.glitch.me/carts/Y3OIBjFQ9G3WuAMNOdfWm/items
Proxy:			<none>
Request params:	<none>
Query params:	<none>
Form params:	<none>
Path params:	cartId=Y3OIBjFQ9G3WuAMNOdfWm
Headers:		Accept=*/*
				Content-Type=application/json
Cookies:		<none>
Multiparts:		<none>
Body:
{
    "productId": 5774,
    "quantity": 3
}
HTTP/1.1 400 Bad Request
Date: Fri, 05 Jan 2024 07:45:09 GMT
Content-Type: application/json; charset=utf-8
Content-Length: 61
Connection: keep-alive
x-powered-by: Express
etag: W/"3d-zyUFeAatWu82IKSLM2lk1DcrkW8"

{
    "error": "The quantity requested exceeds the current stock."
}
Request method:	GET
Request URI:	https://simple-grocery-store-api.glitch.me/carts/Y3OIBjFQ9G3WuAMNOdfWm/items
Proxy:			<none>
Request params:	<none>
Query params:	<none>
Form params:	<none>
Path params:	cartId=Y3OIBjFQ9G3WuAMNOdfWm
Headers:		Accept=*/*
				Content-Type=application/json
Cookies:		<none>
Multiparts:		<none>
Body:			<none>
Request method:	GET
Request URI:	https://simple-grocery-store-api.glitch.me/carts/Y3OIBjFQ9G3WuAMNOdfWm/items
Proxy:			<none>
Request params:	<none>
Query params:	<none>
Form params:	<none>
Path params:	cartId=Y3OIBjFQ9G3WuAMNOdfWm
Headers:		Accept=*/*
				Content-Type=application/json
Cookies:		<none>
Multiparts:		<none>
Body:			<none>
HTTP/1.1 200 OK
Date: Fri, 05 Jan 2024 07:45:13 GMT
Content-Type: application/json; charset=utf-8
Content-Length: 282
Connection: keep-alive
x-powered-by: Express
etag: W/"11a-OxWDPLk46cNDnD/BDxrBw01eLrI"

[
    {
        "id": 723141945,
        "productId": 1709,
        "quantity": 1
    },
    {
        "id": 325627604,
        "productId": 1225,
        "quantity": 3
    },
    {
        "id": 330015172,
        "productId": 3674,
        "quantity": 3
    },
    {
        "id": 699279432,
        "productId": 8739,
        "quantity": 7
    },
    {
        "id": 153539122,
        "productId": 5477,
        "quantity": 3
    },
    {
        "id": 17201550,
        "productId": 2177,
        "quantity": 3
    }
]
HTTP/1.1 200 OK
Date: Fri, 05 Jan 2024 07:45:13 GMT
Content-Type: application/json; charset=utf-8
Content-Length: 282
Connection: keep-alive
x-powered-by: Express
etag: W/"11a-OxWDPLk46cNDnD/BDxrBw01eLrI"

[
    {
        "id": 723141945,
        "productId": 1709,
        "quantity": 1
    },
    {
        "id": 325627604,
        "productId": 1225,
        "quantity": 3
    },
    {
        "id": 330015172,
        "productId": 3674,
        "quantity": 3
    },
    {
        "id": 699279432,
        "productId": 8739,
        "quantity": 7
    },
    {
        "id": 153539122,
        "productId": 5477,
        "quantity": 3
    },
    {
        "id": 17201550,
        "productId": 2177,
        "quantity": 3
    }
]
Request method:	DELETE
Request URI:	https://simple-grocery-store-api.glitch.me/carts/tgY8xQoPywwtGKtH8WpYz/items/17201550
Proxy:			<none>
Request params:	<none>
Query params:	<none>
Form params:	<none>
Path params:	cartId=tgY8xQoPywwtGKtH8WpYz
				itemId=17201550
Headers:		Accept=*/*
				Content-Type=application/json
Cookies:		<none>
Multiparts:		<none>
Body:			<none>
HTTP/1.1 404 Not Found
Date: Fri, 05 Jan 2024 07:46:19 GMT
Content-Type: application/json; charset=utf-8
Content-Length: 50
Connection: keep-alive
x-powered-by: Express
etag: W/"32-1MeOwRF1eLMxjv6kf8HhtDOAkmg"

{
    "error": "No cart with id tgY8xQoPywwtGKtH8WpYz."
}
Request method:	DELETE
Request URI:	https://simple-grocery-store-api.glitch.me/carts/Y3OIBjFQ9G3WuAMNOdfWm/items/17201550
Proxy:			<none>
Request params:	<none>
Query params:	<none>
Form params:	<none>
Path params:	cartId=Y3OIBjFQ9G3WuAMNOdfWm
				itemId=17201550
Headers:		Accept=*/*
				Content-Type=application/json
Cookies:		<none>
Multiparts:		<none>
Body:			<none>
HTTP/1.1 204 No Content
Date: Fri, 05 Jan 2024 07:46:49 GMT
Connection: keep-alive
x-powered-by: Express
Request method:	POST
Request URI:	https://simple-grocery-store-api.glitch.me/carts/Y3OIBjFQ9G3WuAMNOdfWm/items
Proxy:			<none>
Request params:	<none>
Query params:	<none>
Form params:	<none>
Path params:	cartId=Y3OIBjFQ9G3WuAMNOdfWm
Headers:		Accept=*/*
				Content-Type=application/json
Cookies:		<none>
Multiparts:		<none>
Body:
{
    "productId": 2177,
    "quantity": 3
}
HTTP/1.1 201 Created
Date: Fri, 05 Jan 2024 07:47:50 GMT
Content-Type: application/json; charset=utf-8
Content-Length: 35
Connection: keep-alive
x-powered-by: Express
etag: W/"23-xP6wB/QcV/gRVS1ecdVYfdSU0Z0"

{
    "created": true,
    "itemId": 370728902
}
Request method:	POST
Request URI:	https://simple-grocery-store-api.glitch.me/carts/Y3OIBjFQ9G3WuAMNOdfWm/items
Proxy:			<none>
Request params:	<none>
Query params:	<none>
Form params:	<none>
Path params:	cartId=Y3OIBjFQ9G3WuAMNOdfWm
Headers:		Accept=*/*
				Content-Type=application/json
Cookies:		<none>
Multiparts:		<none>
Body:
{
    "productId": 2177,
    "quantity": 3
}
HTTP/1.1 400 Bad Request
Date: Fri, 05 Jan 2024 07:49:40 GMT
Content-Type: application/json; charset=utf-8
Content-Length: 56
Connection: keep-alive
x-powered-by: Express
etag: W/"38-doJkVicOSjcQ/BgI6ZqGcJtsAl4"

{
    "error": "This product has already been added to cart."
}
Request method:	POST
Request URI:	https://simple-grocery-store-api.glitch.me/carts/Y3OIBjFQ9G3WuAMNOdfWm/items
Proxy:			<none>
Request params:	<none>
Query params:	<none>
Form params:	<none>
Path params:	cartId=Y3OIBjFQ9G3WuAMNOdfWm
Headers:		Accept=*/*
				Content-Type=application/json
Cookies:		<none>
Multiparts:		<none>
Body:
{
    "productId": 2177,
    "quantity": 3
}
HTTP/1.1 400 Bad Request
Date: Fri, 05 Jan 2024 07:51:01 GMT
Content-Type: application/json; charset=utf-8
Content-Length: 56
Connection: keep-alive
x-powered-by: Express
etag: W/"38-doJkVicOSjcQ/BgI6ZqGcJtsAl4"

{
    "error": "This product has already been added to cart."
}
Request method:	DELETE
Request URI:	https://simple-grocery-store-api.glitch.me/carts/Y3OIBjFQ9G3WuAMNOdfWm/items/370728902
Proxy:			<none>
Request params:	<none>
Query params:	<none>
Form params:	<none>
Path params:	cartId=Y3OIBjFQ9G3WuAMNOdfWm
				itemId=370728902
Headers:		Accept=*/*
				Content-Type=application/json
Cookies:		<none>
Multiparts:		<none>
Body:			<none>
HTTP/1.1 204 No Content
Date: Fri, 05 Jan 2024 07:52:41 GMT
Connection: keep-alive
x-powered-by: Express
Request method:	POST
Request URI:	https://simple-grocery-store-api.glitch.me/carts/Y3OIBjFQ9G3WuAMNOdfWm/items
Proxy:			<none>
Request params:	<none>
Query params:	<none>
Form params:	<none>
Path params:	cartId=Y3OIBjFQ9G3WuAMNOdfWm
Headers:		Accept=*/*
				Content-Type=application/json
Cookies:		<none>
Multiparts:		<none>
Body:
{
    "productId": 2177,
    "quantity": 3
}
HTTP/1.1 201 Created
Date: Fri, 05 Jan 2024 07:53:14 GMT
Content-Type: application/json; charset=utf-8
Content-Length: 35
Connection: keep-alive
x-powered-by: Express
etag: W/"23-Bcb0FXihTUTRtG2sQzDX2V19T3w"

{
    "created": true,
    "itemId": 955874982
}
Request method:	DELETE
Request URI:	https://simple-grocery-store-api.glitch.me/carts/Y3OIBjFQ9G3WuAMNOdfWm/items/955874982
Proxy:			<none>
Request params:	<none>
Query params:	<none>
Form params:	<none>
Path params:	cartId=Y3OIBjFQ9G3WuAMNOdfWm
				itemId=955874982
Headers:		Accept=*/*
				Content-Type=application/json
Cookies:		<none>
Multiparts:		<none>
Body:			<none>
HTTP/1.1 204 No Content
Date: Fri, 05 Jan 2024 07:53:55 GMT
Connection: keep-alive
x-powered-by: Express
Request method:	POST
Request URI:	https://simple-grocery-store-api.glitch.me/carts/Y3OIBjFQ9G3WuAMNOdfWm/items
Proxy:			<none>
Request params:	<none>
Query params:	<none>
Form params:	<none>
Path params:	cartId=Y3OIBjFQ9G3WuAMNOdfWm
Headers:		Accept=*/*
				Content-Type=application/json
Cookies:		<none>
Multiparts:		<none>
Body:
{
    "productId": 2177,
    "quantity": 3
}
HTTP/1.1 201 Created
Date: Fri, 05 Jan 2024 07:54:18 GMT
Content-Type: application/json; charset=utf-8
Content-Length: 35
Connection: keep-alive
x-powered-by: Express
etag: W/"23-dylruHZQqlXe58ghcREaCXArrvw"

{
    "created": true,
    "itemId": 748002642
}
Request method:	POST
Request URI:	https://simple-grocery-store-api.glitch.me/carts/Y3OIBjFQ9G3WuAMNOdfWm/items
Proxy:			<none>
Request params:	<none>
Query params:	<none>
Form params:	<none>
Path params:	cartId=Y3OIBjFQ9G3WuAMNOdfWm
Headers:		Accept=*/*
				Content-Type=application/json
Cookies:		<none>
Multiparts:		<none>
Body:
{
    "productId": 2177,
    "quantity": 3
}
HTTP/1.1 400 Bad Request
Date: Fri, 05 Jan 2024 07:55:01 GMT
Content-Type: application/json; charset=utf-8
Content-Length: 56
Connection: keep-alive
x-powered-by: Express
etag: W/"38-doJkVicOSjcQ/BgI6ZqGcJtsAl4"

{
    "error": "This product has already been added to cart."
}
